# JRE version: Java(TM) SE Runtime Environment (8.0_73-b02) (build 1.8.0_73-b02)
# Java VM: Java HotSpot(TM) 64-Bit Server VM (25.73-b02 mixed mode linux-amd64 compressed oops)
Heap:
 PSYoungGen      total 257536K, used 114242K [0x00000000d7000000, 0x00000000edc80000, 0x0000000100000000)
  eden space 242688K, 40% used [0x00000000d7000000,0x00000000dd1127e8,0x00000000e5d00000)
  from space 14848K, 99% used [0x00000000e5d00000,0x00000000e6b7e100,0x00000000e6b80000)
  to   space 20480K, 0% used [0x00000000ec880000,0x00000000ec880000,0x00000000edc80000)
 ParOldGen       total 72704K, used 31710K [0x0000000085000000, 0x0000000089700000, 0x00000000d7000000)
  object space 72704K, 43% used [0x0000000085000000,0x0000000086ef7b90,0x0000000089700000)
 Metaspace       used 55095K, capacity 55610K, committed 56064K, reserved 1097728K
  class space    used 6917K, capacity 7042K, committed 7168K, reserved 1048576K
GC Heap History (10 events):
Event: 35,236 GC heap before
{Heap before GC invocations=7 (full 1):
 PSYoungGen      total 68608K, used 63488K [0x00000000d7000000, 0x00000000dfd00000, 0x0000000100000000)
  eden space 63488K, 100% used [0x00000000d7000000,0x00000000dae00000,0x00000000dae00000)
  from space 5120K, 0% used [0x00000000dae00000,0x00000000dae00000,0x00000000db300000)
  to   space 8704K, 0% used [0x00000000df480000,0x00000000df480000,0x00000000dfd00000)
 ParOldGen       total 43008K, used 6751K [0x0000000085000000, 0x0000000087a00000, 0x00000000d7000000)
  object space 43008K, 15% used [0x0000000085000000,0x0000000085697f00,0x0000000087a00000)
 Metaspace       used 23301K, capacity 23584K, committed 23680K, reserved 1071104K
  class space    used 2845K, capacity 2925K, committed 2944K, reserved 1048576K
Event: 35,245 GC heap after
Heap after GC invocations=7 (full 1):
 PSYoungGen      total 131584K, used 6391K [0x00000000d7000000, 0x00000000dfb00000, 0x0000000100000000)
  eden space 124928K, 0% used [0x00000000d7000000,0x00000000d7000000,0x00000000dea00000)
  from space 6656K, 96% used [0x00000000df480000,0x00000000dfabde68,0x00000000dfb00000)
  to   space 8704K, 0% used [0x00000000dea00000,0x00000000dea00000,0x00000000df280000)
 ParOldGen       total 43008K, used 6759K [0x0000000085000000, 0x0000000087a00000, 0x00000000d7000000)
  object space 43008K, 15% used [0x0000000085000000,0x0000000085699f00,0x0000000087a00000)
 Metaspace       used 23301K, capacity 23584K, committed 23680K, reserved 1071104K
  class space    used 2845K, capacity 2925K, committed 2944K, reserved 1048576K
}
Event: 36,548 GC heap before
{Heap before GC invocations=8 (full 1):
 PSYoungGen      total 131584K, used 131319K [0x00000000d7000000, 0x00000000dfb00000, 0x0000000100000000)
  eden space 124928K, 100% used [0x00000000d7000000,0x00000000dea00000,0x00000000dea00000)
  from space 6656K, 96% used [0x00000000df480000,0x00000000dfabde68,0x00000000dfb00000)
  to   space 8704K, 0% used [0x00000000dea00000,0x00000000dea00000,0x00000000df280000)
 ParOldGen       total 43008K, used 6759K [0x0000000085000000, 0x0000000087a00000, 0x00000000d7000000)
  object space 43008K, 15% used [0x0000000085000000,0x0000000085699f00,0x0000000087a00000)
 Metaspace       used 30017K, capacity 30342K, committed 30720K, reserved 1077248K
  class space    used 3685K, capacity 3774K, committed 3840K, reserved 1048576K
Event: 36,580 GC heap after
Heap after GC invocations=8 (full 1):
 PSYoungGen      total 133632K, used 8693K [0x00000000d7000000, 0x00000000e7780000, 0x0000000100000000)
  eden space 124928K, 0% used [0x00000000d7000000,0x00000000d7000000,0x00000000dea00000)
  from space 8704K, 99% used [0x00000000dea00000,0x00000000df27d498,0x00000000df280000)
  to   space 12288K, 0% used [0x00000000e6b80000,0x00000000e6b80000,0x00000000e7780000)
 ParOldGen       total 43008K, used 12149K [0x0000000085000000, 0x0000000087a00000, 0x00000000d7000000)
  object space 43008K, 28% used [0x0000000085000000,0x0000000085bdd6b0,0x0000000087a00000)
 Metaspace       used 30017K, capacity 30342K, committed 30720K, reserved 1077248K
  class space    used 3685K, capacity 3774K, committed 3840K, reserved 1048576K
}
Event: 37,520 GC heap before
{Heap before GC invocations=9 (full 1):
 PSYoungGen      total 133632K, used 99745K [0x00000000d7000000, 0x00000000e7780000, 0x0000000100000000)
  eden space 124928K, 72% used [0x00000000d7000000,0x00000000dc8eb148,0x00000000dea00000)
  from space 8704K, 99% used [0x00000000dea00000,0x00000000df27d498,0x00000000df280000)
  to   space 12288K, 0% used [0x00000000e6b80000,0x00000000e6b80000,0x00000000e7780000)
 ParOldGen       total 43008K, used 12149K [0x0000000085000000, 0x0000000087a00000, 0x00000000d7000000)
  object space 43008K, 28% used [0x0000000085000000,0x0000000085bdd6b0,0x0000000087a00000)
 Metaspace       used 34878K, capacity 35216K, committed 35496K, reserved 1081344K
  class space    used 4223K, capacity 4325K, committed 4352K, reserved 1048576K
Event: 37,564 GC heap after
Heap after GC invocations=9 (full 1):
 PSYoungGen      total 254976K, used 12256K [0x00000000d7000000, 0x00000000e7d00000, 0x0000000100000000)
  eden space 242688K, 0% used [0x00000000d7000000,0x00000000d7000000,0x00000000e5d00000)
  from space 12288K, 99% used [0x00000000e6b80000,0x00000000e7778178,0x00000000e7780000)
  to   space 14848K, 0% used [0x00000000e5d00000,0x00000000e5d00000,0x00000000e6b80000)
 ParOldGen       total 43008K, used 14927K [0x0000000085000000, 0x0000000087a00000, 0x00000000d7000000)
  object space 43008K, 34% used [0x0000000085000000,0x0000000085e93f38,0x0000000087a00000)
 Metaspace       used 34878K, capacity 35216K, committed 35496K, reserved 1081344K
  class space    used 4223K, capacity 4325K, committed 4352K, reserved 1048576K
}
Event: 37,564 GC heap before
{Heap before GC invocations=10 (full 2):
 PSYoungGen      total 254976K, used 12256K [0x00000000d7000000, 0x00000000e7d00000, 0x0000000100000000)
  eden space 242688K, 0% used [0x00000000d7000000,0x00000000d7000000,0x00000000e5d00000)
  from space 12288K, 99% used [0x00000000e6b80000,0x00000000e7778178,0x00000000e7780000)
  to   space 14848K, 0% used [0x00000000e5d00000,0x00000000e5d00000,0x00000000e6b80000)
 ParOldGen       total 43008K, used 14927K [0x0000000085000000, 0x0000000087a00000, 0x00000000d7000000)
  object space 43008K, 34% used [0x0000000085000000,0x0000000085e93f38,0x0000000087a00000)
 Metaspace       used 34878K, capacity 35216K, committed 35496K, reserved 1081344K
  class space    used 4223K, capacity 4325K, committed 4352K, reserved 1048576K
Event: 37,666 GC heap after
Heap after GC invocations=10 (full 2):
 PSYoungGen      total 254976K, used 0K [0x00000000d7000000, 0x00000000e7d00000, 0x0000000100000000)
  eden space 242688K, 0% used [0x00000000d7000000,0x00000000d7000000,0x00000000e5d00000)
  from space 12288K, 0% used [0x00000000e6b80000,0x00000000e6b80000,0x00000000e7780000)
  to   space 14848K, 0% used [0x00000000e5d00000,0x00000000e5d00000,0x00000000e6b80000)
 ParOldGen       total 72704K, used 22859K [0x0000000085000000, 0x0000000089700000, 0x00000000d7000000)
  object space 72704K, 31% used [0x0000000085000000,0x0000000086652c30,0x0000000089700000)
 Metaspace       used 34878K, capacity 35216K, committed 35496K, reserved 1081344K
  class space    used 4223K, capacity 4325K, committed 4352K, reserved 1048576K
}
Event: 41,338 GC heap before
{Heap before GC invocations=11 (full 2):
 PSYoungGen      total 254976K, used 242688K [0x00000000d7000000, 0x00000000e7d00000, 0x0000000100000000)
  eden space 242688K, 100% used [0x00000000d7000000,0x00000000e5d00000,0x00000000e5d00000)
  from space 12288K, 0% used [0x00000000e6b80000,0x00000000e6b80000,0x00000000e7780000)
  to   space 14848K, 0% used [0x00000000e5d00000,0x00000000e5d00000,0x00000000e6b80000)
 ParOldGen       total 72704K, used 22859K [0x0000000085000000, 0x0000000089700000, 0x00000000d7000000)
  object space 72704K, 31% used [0x0000000085000000,0x0000000086652c30,0x0000000089700000)
 Metaspace       used 51371K, capacity 51858K, committed 52480K, reserved 1095680K
  class space    used 6451K, capacity 6570K, committed 6656K, reserved 1048576K
Event: 41,399 GC heap after
Heap after GC invocations=11 (full 2):
 PSYoungGen      total 257536K, used 14840K [0x00000000d7000000, 0x00000000edc80000, 0x0000000100000000)
  eden space 242688K, 0% used [0x00000000d7000000,0x00000000d7000000,0x00000000e5d00000)
  from space 14848K, 99% used [0x00000000e5d00000,0x00000000e6b7e100,0x00000000e6b80000)
  to   space 20480K, 0% used [0x00000000ec880000,0x00000000ec880000,0x00000000edc80000)
 ParOldGen       total 72704K, used 31710K [0x0000000085000000, 0x0000000089700000, 0x00000000d7000000)
  object space 72704K, 43% used [0x0000000085000000,0x0000000086ef7b90,0x0000000089700000)
 Metaspace       used 51371K, capacity 51858K, committed 52480K, reserved 1095680K
  class space    used 6451K, capacity 6570K, committed 6656K, reserved 1048576K
}

